

*******************************************************************************
Sun Jan 10 03:02:27 2016


FIT:    data read from "result2.txt" using (4./3.*($1)**3):($3 )
        format = x:z
        #datapoints = 58
        residuals are weighted equally (unit weight)

function used for fitting: f(x)
fitted parameters initialized with current variable values



 Iteration 0
 WSSR        : 1.28785e+20       delta(WSSR)/WSSR   : 0
 delta(WSSR) : 0                 limit for stopping : 1e-05
 lambda	  : 1.05367e+09

initial set of free parameter values

m               = 1
b               = 1

After 4 iterations the fit converged.
final sum of squares of residuals : 33.1729
rel. change during last iteration : -1.56609e-06

degrees of freedom    (FIT_NDF)                        : 56
rms of residuals      (FIT_STDFIT) = sqrt(WSSR/ndf)    : 0.769658
variance of residuals (reduced chisquare) = WSSR/ndf   : 0.592373

Final set of parameters            Asymptotic Standard Error
=======================            ==========================

m               = 2.64338e-09      +/- 9.013e-11    (3.41%)
b               = 1                +/- 0.1343       (13.43%)


correlation matrix of the fit parameters:

               m      b      
m               1.000 
b              -0.659  1.000 


*******************************************************************************
Sun Jan 10 03:03:09 2016


FIT:    data read from "result2.txt" using (4./3.*($1)**3):($3 )
        format = x:z
        #datapoints = 58
        residuals are weighted equally (unit weight)

function used for fitting: f(x)
fitted parameters initialized with current variable values



 Iteration 0
 WSSR        : 1.28785e+20       delta(WSSR)/WSSR   : 0
 delta(WSSR) : 0                 limit for stopping : 1e-05
 lambda	  : 1.05367e+09

initial set of free parameter values

m               = 1
b               = 1

After 5 iterations the fit converged.
final sum of squares of residuals : 0.0103398
rel. change during last iteration : -1.00663e-14

degrees of freedom    (FIT_NDF)                        : 56
rms of residuals      (FIT_STDFIT) = sqrt(WSSR/ndf)    : 0.0135882
variance of residuals (reduced chisquare) = WSSR/ndf   : 0.000184639

BREAK:          Singular matrix in Invert_RtR



*******************************************************************************
Sun Jan 10 03:03:19 2016


FIT:    data read from "result2.txt" using (4./3.*($1)**3):($3 )
        format = x:z
        #datapoints = 58
        residuals are weighted equally (unit weight)

function used for fitting: f(x)
fitted parameters initialized with current variable values



 Iteration 0
 WSSR        : 1.28785e+20       delta(WSSR)/WSSR   : 0
 delta(WSSR) : 0                 limit for stopping : 1e-05
 lambda	  : 1.49011e+09

initial set of free parameter values

m               = 1

After 5 iterations the fit converged.
final sum of squares of residuals : 0.0103398
rel. change during last iteration : -9.73077e-15

degrees of freedom    (FIT_NDF)                        : 57
rms of residuals      (FIT_STDFIT) = sqrt(WSSR/ndf)    : 0.0134685
variance of residuals (reduced chisquare) = WSSR/ndf   : 0.0001814

Final set of parameters            Asymptotic Standard Error
=======================            ==========================

m               = 3.0854e-09       +/- 1.187e-12    (0.03847%)


correlation matrix of the fit parameters:

               m      
m               1.000 


*******************************************************************************
Sun Jan 10 03:06:07 2016


FIT:    data read from "result2.txt" using (4./3.*($1)**3):($3 )
        format = x:z
        #datapoints = 58
        residuals are weighted equally (unit weight)

function used for fitting: f(x)
fitted parameters initialized with current variable values



 Iteration 0
 WSSR        : 1.28785e+20       delta(WSSR)/WSSR   : 0
 delta(WSSR) : 0                 limit for stopping : 1e-05
 lambda	  : 1.49011e+09

initial set of free parameter values

m               = 1

After 5 iterations the fit converged.
final sum of squares of residuals : 0.0103398
rel. change during last iteration : -9.73077e-15

degrees of freedom    (FIT_NDF)                        : 57
rms of residuals      (FIT_STDFIT) = sqrt(WSSR/ndf)    : 0.0134685
variance of residuals (reduced chisquare) = WSSR/ndf   : 0.0001814

Final set of parameters            Asymptotic Standard Error
=======================            ==========================

m               = 3.0854e-09       +/- 1.187e-12    (0.03847%)


correlation matrix of the fit parameters:

               m      
m               1.000 


*******************************************************************************
Sun Jan 10 03:06:15 2016


FIT:    data read from "result2.txt" using (4./3.*($1)**3):($3 )
        format = x:z
        #datapoints = 58
        residuals are weighted equally (unit weight)

function used for fitting: f(x)
fitted parameters initialized with current variable values



 Iteration 0
 WSSR        : 1.28785e+20       delta(WSSR)/WSSR   : 0
 delta(WSSR) : 0                 limit for stopping : 1e-05
 lambda	  : 1.49011e+09

initial set of free parameter values

m               = 1

After 5 iterations the fit converged.
final sum of squares of residuals : 0.0103398
rel. change during last iteration : -9.73077e-15

degrees of freedom    (FIT_NDF)                        : 57
rms of residuals      (FIT_STDFIT) = sqrt(WSSR/ndf)    : 0.0134685
variance of residuals (reduced chisquare) = WSSR/ndf   : 0.0001814

Final set of parameters            Asymptotic Standard Error
=======================            ==========================

m               = 3.0854e-09       +/- 1.187e-12    (0.03847%)


correlation matrix of the fit parameters:

               m      
m               1.000 


*******************************************************************************
Sun Jan 10 03:06:24 2016


FIT:    data read from "result2.txt" using (4./3.*($1)**3):($3 )
        format = x:z
        #datapoints = 58
        residuals are weighted equally (unit weight)

function used for fitting: f(x)
fitted parameters initialized with current variable values



 Iteration 0
 WSSR        : 1.28785e+20       delta(WSSR)/WSSR   : 0
 delta(WSSR) : 0                 limit for stopping : 1e-05
 lambda	  : 1.49011e+09

initial set of free parameter values

m               = 1

After 5 iterations the fit converged.
final sum of squares of residuals : 0.0103398
rel. change during last iteration : -9.73077e-15

degrees of freedom    (FIT_NDF)                        : 57
rms of residuals      (FIT_STDFIT) = sqrt(WSSR/ndf)    : 0.0134685
variance of residuals (reduced chisquare) = WSSR/ndf   : 0.0001814

Final set of parameters            Asymptotic Standard Error
=======================            ==========================

m               = 3.0854e-09       +/- 1.187e-12    (0.03847%)


correlation matrix of the fit parameters:

               m      
m               1.000 


*******************************************************************************
Sun Jan 10 03:06:32 2016


FIT:    data read from "result2.txt" using (4./3.*($1)**3):($3 )
        format = x:z
        #datapoints = 58
        residuals are weighted equally (unit weight)

function used for fitting: f(x)
fitted parameters initialized with current variable values



 Iteration 0
 WSSR        : 1.28785e+20       delta(WSSR)/WSSR   : 0
 delta(WSSR) : 0                 limit for stopping : 1e-05
 lambda	  : 1.49011e+09

initial set of free parameter values

m               = 1

After 5 iterations the fit converged.
final sum of squares of residuals : 0.0103398
rel. change during last iteration : -9.73077e-15

degrees of freedom    (FIT_NDF)                        : 57
rms of residuals      (FIT_STDFIT) = sqrt(WSSR/ndf)    : 0.0134685
variance of residuals (reduced chisquare) = WSSR/ndf   : 0.0001814

Final set of parameters            Asymptotic Standard Error
=======================            ==========================

m               = 3.0854e-09       +/- 1.187e-12    (0.03847%)


correlation matrix of the fit parameters:

               m      
m               1.000 


*******************************************************************************
Sun Jan 10 03:07:24 2016


FIT:    data read from "result2.txt" using (4./3.*($1)**3):($3 )
        format = x:z
        #datapoints = 58
        residuals are weighted equally (unit weight)

function used for fitting: f(x)
fitted parameters initialized with current variable values



 Iteration 0
 WSSR        : 1.28785e+20       delta(WSSR)/WSSR   : 0
 delta(WSSR) : 0                 limit for stopping : 1e-05
 lambda	  : 1.49011e+09

initial set of free parameter values

m               = 1

After 5 iterations the fit converged.
final sum of squares of residuals : 0.0103398
rel. change during last iteration : -9.73077e-15

degrees of freedom    (FIT_NDF)                        : 57
rms of residuals      (FIT_STDFIT) = sqrt(WSSR/ndf)    : 0.0134685
variance of residuals (reduced chisquare) = WSSR/ndf   : 0.0001814

Final set of parameters            Asymptotic Standard Error
=======================            ==========================

m               = 3.0854e-09       +/- 1.187e-12    (0.03847%)


correlation matrix of the fit parameters:

               m      
m               1.000 


*******************************************************************************
Sun Jan 10 03:07:30 2016


FIT:    data read from "result2.txt" using (4./3.*($1)**3):($3 )
        format = x:z
        #datapoints = 58
        residuals are weighted equally (unit weight)

function used for fitting: f(x)
fitted parameters initialized with current variable values



 Iteration 0
 WSSR        : 1.28785e+20       delta(WSSR)/WSSR   : 0
 delta(WSSR) : 0                 limit for stopping : 1e-05
 lambda	  : 1.49011e+09

initial set of free parameter values

m               = 1

After 5 iterations the fit converged.
final sum of squares of residuals : 0.0103398
rel. change during last iteration : -9.73077e-15

degrees of freedom    (FIT_NDF)                        : 57
rms of residuals      (FIT_STDFIT) = sqrt(WSSR/ndf)    : 0.0134685
variance of residuals (reduced chisquare) = WSSR/ndf   : 0.0001814

Final set of parameters            Asymptotic Standard Error
=======================            ==========================

m               = 3.0854e-09       +/- 1.187e-12    (0.03847%)


correlation matrix of the fit parameters:

               m      
m               1.000 


*******************************************************************************
Sun Jan 10 03:07:56 2016


FIT:    data read from "result2.txt" using (4./3.*($1)**3):($3 )
        format = x:z
        #datapoints = 58
        residuals are weighted equally (unit weight)

function used for fitting: f(x)
fitted parameters initialized with current variable values



 Iteration 0
 WSSR        : 1.28785e+20       delta(WSSR)/WSSR   : 0
 delta(WSSR) : 0                 limit for stopping : 1e-05
 lambda	  : 1.49011e+09

initial set of free parameter values

m               = 1

After 5 iterations the fit converged.
final sum of squares of residuals : 0.0103398
rel. change during last iteration : -9.73077e-15

degrees of freedom    (FIT_NDF)                        : 57
rms of residuals      (FIT_STDFIT) = sqrt(WSSR/ndf)    : 0.0134685
variance of residuals (reduced chisquare) = WSSR/ndf   : 0.0001814

Final set of parameters            Asymptotic Standard Error
=======================            ==========================

m               = 3.0854e-09       +/- 1.187e-12    (0.03847%)


correlation matrix of the fit parameters:

               m      
m               1.000 


*******************************************************************************
Sun Jan 10 03:08:03 2016


FIT:    data read from "result2.txt" using (4./3.*($1)**3):($3 )
        format = x:z
        #datapoints = 58
        residuals are weighted equally (unit weight)

function used for fitting: f(x)
fitted parameters initialized with current variable values



 Iteration 0
 WSSR        : 1.28785e+20       delta(WSSR)/WSSR   : 0
 delta(WSSR) : 0                 limit for stopping : 1e-05
 lambda	  : 1.49011e+09

initial set of free parameter values

m               = 1

After 5 iterations the fit converged.
final sum of squares of residuals : 0.0103398
rel. change during last iteration : -9.73077e-15

degrees of freedom    (FIT_NDF)                        : 57
rms of residuals      (FIT_STDFIT) = sqrt(WSSR/ndf)    : 0.0134685
variance of residuals (reduced chisquare) = WSSR/ndf   : 0.0001814

Final set of parameters            Asymptotic Standard Error
=======================            ==========================

m               = 3.0854e-09       +/- 1.187e-12    (0.03847%)


correlation matrix of the fit parameters:

               m      
m               1.000 


*******************************************************************************
Sun Jan 10 03:08:29 2016


FIT:    data read from "result2.txt" using (4./3.*($1)**3):($3 )
        format = x:z
        #datapoints = 58
        residuals are weighted equally (unit weight)

function used for fitting: f(x)
fitted parameters initialized with current variable values



 Iteration 0
 WSSR        : 1.28785e+20       delta(WSSR)/WSSR   : 0
 delta(WSSR) : 0                 limit for stopping : 1e-05
 lambda	  : 1.49011e+09

initial set of free parameter values

m               = 1

After 5 iterations the fit converged.
final sum of squares of residuals : 0.0103398
rel. change during last iteration : -9.73077e-15

degrees of freedom    (FIT_NDF)                        : 57
rms of residuals      (FIT_STDFIT) = sqrt(WSSR/ndf)    : 0.0134685
variance of residuals (reduced chisquare) = WSSR/ndf   : 0.0001814

Final set of parameters            Asymptotic Standard Error
=======================            ==========================

m               = 3.0854e-09       +/- 1.187e-12    (0.03847%)


correlation matrix of the fit parameters:

               m      
m               1.000 


*******************************************************************************
Sun Jan 10 03:08:39 2016


FIT:    data read from "result2.txt" using (4./3.*($1)**3):($3 )
        format = x:z
        #datapoints = 58
        residuals are weighted equally (unit weight)

function used for fitting: f(x)
fitted parameters initialized with current variable values



 Iteration 0
 WSSR        : 1.28785e+20       delta(WSSR)/WSSR   : 0
 delta(WSSR) : 0                 limit for stopping : 1e-05
 lambda	  : 1.49011e+09

initial set of free parameter values

m               = 1

After 5 iterations the fit converged.
final sum of squares of residuals : 0.0103398
rel. change during last iteration : -9.73077e-15

degrees of freedom    (FIT_NDF)                        : 57
rms of residuals      (FIT_STDFIT) = sqrt(WSSR/ndf)    : 0.0134685
variance of residuals (reduced chisquare) = WSSR/ndf   : 0.0001814

Final set of parameters            Asymptotic Standard Error
=======================            ==========================

m               = 3.0854e-09       +/- 1.187e-12    (0.03847%)


correlation matrix of the fit parameters:

               m      
m               1.000 


*******************************************************************************
Sun Jan 10 03:09:09 2016


FIT:    data read from "result2.txt" using (4./3.*($1)**3):($3 )
        format = x:z
        #datapoints = 58
        residuals are weighted equally (unit weight)

function used for fitting: f(x)
fitted parameters initialized with current variable values



 Iteration 0
 WSSR        : 1.28785e+20       delta(WSSR)/WSSR   : 0
 delta(WSSR) : 0                 limit for stopping : 1e-05
 lambda	  : 1.49011e+09

initial set of free parameter values

m               = 1

After 5 iterations the fit converged.
final sum of squares of residuals : 0.0103398
rel. change during last iteration : -9.73077e-15

degrees of freedom    (FIT_NDF)                        : 57
rms of residuals      (FIT_STDFIT) = sqrt(WSSR/ndf)    : 0.0134685
variance of residuals (reduced chisquare) = WSSR/ndf   : 0.0001814

Final set of parameters            Asymptotic Standard Error
=======================            ==========================

m               = 3.0854e-09       +/- 1.187e-12    (0.03847%)


correlation matrix of the fit parameters:

               m      
m               1.000 


*******************************************************************************
Sun Jan 10 03:09:28 2016


FIT:    data read from "result2.txt" using (4./3.*($1)**3):($3 )
        format = x:z
        #datapoints = 58
        residuals are weighted equally (unit weight)

function used for fitting: f(x)
fitted parameters initialized with current variable values



 Iteration 0
 WSSR        : 1.28785e+20       delta(WSSR)/WSSR   : 0
 delta(WSSR) : 0                 limit for stopping : 1e-05
 lambda	  : 1.49011e+09

initial set of free parameter values

m               = 1

After 5 iterations the fit converged.
final sum of squares of residuals : 0.0103398
rel. change during last iteration : -9.73077e-15

degrees of freedom    (FIT_NDF)                        : 57
rms of residuals      (FIT_STDFIT) = sqrt(WSSR/ndf)    : 0.0134685
variance of residuals (reduced chisquare) = WSSR/ndf   : 0.0001814

Final set of parameters            Asymptotic Standard Error
=======================            ==========================

m               = 3.0854e-09       +/- 1.187e-12    (0.03847%)


correlation matrix of the fit parameters:

               m      
m               1.000 


*******************************************************************************
Sun Jan 10 03:10:02 2016


FIT:    data read from "result2.txt" using (4./3.*($1)**3):($3 )
        format = x:z
        #datapoints = 58
        residuals are weighted equally (unit weight)

function used for fitting: f(x)
fitted parameters initialized with current variable values



 Iteration 0
 WSSR        : 1.28785e+20       delta(WSSR)/WSSR   : 0
 delta(WSSR) : 0                 limit for stopping : 1e-05
 lambda	  : 1.49011e+09

initial set of free parameter values

m               = 1

After 5 iterations the fit converged.
final sum of squares of residuals : 0.0103398
rel. change during last iteration : -9.73077e-15

degrees of freedom    (FIT_NDF)                        : 57
rms of residuals      (FIT_STDFIT) = sqrt(WSSR/ndf)    : 0.0134685
variance of residuals (reduced chisquare) = WSSR/ndf   : 0.0001814

Final set of parameters            Asymptotic Standard Error
=======================            ==========================

m               = 3.0854e-09       +/- 1.187e-12    (0.03847%)


correlation matrix of the fit parameters:

               m      
m               1.000 


*******************************************************************************
Sun Jan 10 03:11:22 2016


FIT:    data read from "result.txt" using (4./3.*($1)**3):($3 )
        format = x:z
        #datapoints = 80
        residuals are weighted equally (unit weight)

function used for fitting: f(x)
fitted parameters initialized with current variable values



 Iteration 0
 WSSR        : 1.24414e+21       delta(WSSR)/WSSR   : 0
 delta(WSSR) : 0                 limit for stopping : 1e-05
 lambda	  : 3.94357e+09

initial set of free parameter values

m               = 1

The maximum lambda = 1.000000e+20 was exceeded. Fit stopped.
final sum of squares of residuals : 0.138101
rel. change during last iteration : 0

degrees of freedom    (FIT_NDF)                        : 79
rms of residuals      (FIT_STDFIT) = sqrt(WSSR/ndf)    : 0.0418105
variance of residuals (reduced chisquare) = WSSR/ndf   : 0.00174811

Final set of parameters            Asymptotic Standard Error
=======================            ==========================

m               = 3.09118e-09      +/- 1.185e-12    (0.03835%)


correlation matrix of the fit parameters:

               m      
m               1.000 


*******************************************************************************
Sun Jan 10 03:17:29 2016


FIT:    data read from "result.txt" using (4./3.*($1)**3):($3 )
        format = x:z
        #datapoints = 80
        residuals are weighted equally (unit weight)

function used for fitting: f(x)
fitted parameters initialized with current variable values



 Iteration 0
 WSSR        : 1.24414e+21       delta(WSSR)/WSSR   : 0
 delta(WSSR) : 0                 limit for stopping : 1e-05
 lambda	  : 3.94357e+09

initial set of free parameter values

m               = 1

The maximum lambda = 1.000000e+20 was exceeded. Fit stopped.
final sum of squares of residuals : 0.138101
rel. change during last iteration : 0

degrees of freedom    (FIT_NDF)                        : 79
rms of residuals      (FIT_STDFIT) = sqrt(WSSR/ndf)    : 0.0418105
variance of residuals (reduced chisquare) = WSSR/ndf   : 0.00174811

Final set of parameters            Asymptotic Standard Error
=======================            ==========================

m               = 3.09118e-09      +/- 1.185e-12    (0.03835%)


correlation matrix of the fit parameters:

               m      
m               1.000 


*******************************************************************************
Sun Jan 10 03:17:37 2016


FIT:    data read from "result.txt" using (4./3.*($1)**3):($3 )
        format = x:z
        #datapoints = 80
        residuals are weighted equally (unit weight)

function used for fitting: f(x)
fitted parameters initialized with current variable values



 Iteration 0
 WSSR        : 1.24414e+21       delta(WSSR)/WSSR   : 0
 delta(WSSR) : 0                 limit for stopping : 1e-05
 lambda	  : 3.94357e+09

initial set of free parameter values

m               = 1

The maximum lambda = 1.000000e+20 was exceeded. Fit stopped.
final sum of squares of residuals : 0.138101
rel. change during last iteration : 0

degrees of freedom    (FIT_NDF)                        : 79
rms of residuals      (FIT_STDFIT) = sqrt(WSSR/ndf)    : 0.0418105
variance of residuals (reduced chisquare) = WSSR/ndf   : 0.00174811

Final set of parameters            Asymptotic Standard Error
=======================            ==========================

m               = 3.09118e-09      +/- 1.185e-12    (0.03835%)


correlation matrix of the fit parameters:

               m      
m               1.000 


*******************************************************************************
Sun Jan 10 03:17:49 2016


FIT:    data read from "result.txt" using (4./3.*($1)**3):($3 )
        format = x:z
        #datapoints = 80
        residuals are weighted equally (unit weight)

function used for fitting: f(x)
fitted parameters initialized with current variable values



 Iteration 0
 WSSR        : 1.24414e+21       delta(WSSR)/WSSR   : 0
 delta(WSSR) : 0                 limit for stopping : 1e-05
 lambda	  : 3.94357e+09

initial set of free parameter values

m               = 1

The maximum lambda = 1.000000e+20 was exceeded. Fit stopped.
final sum of squares of residuals : 0.138101
rel. change during last iteration : 0

degrees of freedom    (FIT_NDF)                        : 79
rms of residuals      (FIT_STDFIT) = sqrt(WSSR/ndf)    : 0.0418105
variance of residuals (reduced chisquare) = WSSR/ndf   : 0.00174811

Final set of parameters            Asymptotic Standard Error
=======================            ==========================

m               = 3.09118e-09      +/- 1.185e-12    (0.03835%)


correlation matrix of the fit parameters:

               m      
m               1.000 


*******************************************************************************
Tue Jan 26 20:57:00 2016


FIT:    data read from "result.txt" using (4./3.*($1)**3):($3 )
        format = x:z
        #datapoints = 80
        residuals are weighted equally (unit weight)

function used for fitting: f(x)
fitted parameters initialized with current variable values



 Iteration 0
 WSSR        : 1.24414e+21       delta(WSSR)/WSSR   : 0
 delta(WSSR) : 0                 limit for stopping : 1e-05
 lambda	  : 3.94357e+09

initial set of free parameter values

m               = 1

The maximum lambda = 1.000000e+20 was exceeded. Fit stopped.
final sum of squares of residuals : 0.138101
rel. change during last iteration : 0

degrees of freedom    (FIT_NDF)                        : 79
rms of residuals      (FIT_STDFIT) = sqrt(WSSR/ndf)    : 0.0418105
variance of residuals (reduced chisquare) = WSSR/ndf   : 0.00174811

Final set of parameters            Asymptotic Standard Error
=======================            ==========================

m               = 3.09118e-09      +/- 1.185e-12    (0.03835%)


correlation matrix of the fit parameters:

               m      
m               1.000 
